\BOOKMARK [1][-]{section.1}{1 什么是Git}{}% 1
\BOOKMARK [1][-]{section.2}{2 设置SSH密钥}{}% 2
\BOOKMARK [2][-]{subsection.2.1}{2.1 生成密钥}{section.2}% 3
\BOOKMARK [2][-]{subsection.2.2}{2.2 把公共密钥保存到GitHub网站上}{section.2}% 4
\BOOKMARK [2][-]{subsection.2.3}{2.3 将密钥加载到SSH里}{section.2}% 5
\BOOKMARK [1][-]{section.3}{3 Git的安装与配置}{}% 6
\BOOKMARK [2][-]{subsection.3.1}{3.1 下载与安装}{section.3}% 7
\BOOKMARK [2][-]{subsection.3.2}{3.2 初次运行Git前的配置}{section.3}% 8
\BOOKMARK [1][-]{section.4}{4 Git的基础使用}{}% 9
\BOOKMARK [2][-]{subsection.4.1}{4.1 克隆远程仓库}{section.4}% 10
\BOOKMARK [2][-]{subsection.4.2}{4.2 初始化仓库}{section.4}% 11
\BOOKMARK [2][-]{subsection.4.3}{4.3 文件提交}{section.4}% 12
\BOOKMARK [3][-]{subsubsection.4.3.1}{4.3.1 新建hello文档}{subsection.4.3}% 13
\BOOKMARK [3][-]{subsubsection.4.3.2}{4.3.2 在文档中写入内容}{subsection.4.3}% 14
\BOOKMARK [3][-]{subsubsection.4.3.3}{4.3.3 查看当前文件状态}{subsection.4.3}% 15
\BOOKMARK [3][-]{subsubsection.4.3.4}{4.3.4 开始跟踪}{subsection.4.3}% 16
\BOOKMARK [3][-]{subsubsection.4.3.5}{4.3.5 查看修改文件}{subsection.4.3}% 17
\BOOKMARK [3][-]{subsubsection.4.3.6}{4.3.6 跟踪修改文件}{subsection.4.3}% 18
\BOOKMARK [3][-]{subsubsection.4.3.7}{4.3.7 提交文件}{subsection.4.3}% 19
\BOOKMARK [2][-]{subsection.4.4}{4.4 推送数据到远程仓库}{section.4}% 20
\BOOKMARK [3][-]{subsubsection.4.4.1}{4.4.1 查看当前远程库}{subsection.4.4}% 21
\BOOKMARK [3][-]{subsubsection.4.4.2}{4.4.2 抓取数据}{subsection.4.4}% 22
\BOOKMARK [3][-]{subsubsection.4.4.3}{4.4.3 推送数据至远程仓库}{subsection.4.4}% 23
\BOOKMARK [1][-]{section.5}{5 总结}{}% 24
